<?xml version="1.0" encoding="UTF-8"?>
<!-- Generated by org.testng.reporters.JUnitReportReporter -->
<testsuite hostname="DESKTOP-AB6BR8M" failures="0" tests="1" name="com.Pric_testScripts.VerifyUserIsAbleToCreateLockedMessage" time="21.554" errors="0" timestamp="2024-09-15T19:44:56 IST" skipped="0">
  <testcase classname="com.Pric_testScripts.VerifyUserIsAbleToCreateLockedMessage" name="createLockedMessage" time="21.554"/>
</testsuite> <!-- com.Pric_testScripts.VerifyUserIsAbleToCreateLockedMessage -->
