<?xml version="1.0" encoding="UTF-8"?>
<!-- Generated by org.testng.reporters.JUnitReportReporter -->
<testsuite hostname="DESKTOP-AB6BR8M" failures="0" tests="1" name="com.Pric_testScripts.VerifyUserIsAbleToSignUp" time="8.996" errors="0" timestamp="2024-09-15T22:06:56 IST" skipped="0">
  <testcase classname="com.Pric_testScripts.VerifyUserIsAbleToSignUp" name="createLockedMessage" time="8.996"/>
</testsuite> <!-- com.Pric_testScripts.VerifyUserIsAbleToSignUp -->
